{
  "stats": {
    "suites": 3,
    "tests": 3,
    "passes": 3,
    "pending": 0,
    "failures": 0,
    "start": "2025-02-23T18:32:48.977Z",
    "end": "2025-02-23T18:32:48.988Z",
    "duration": 11,
    "testsRegistered": 3,
    "passPercent": 100,
    "pendingPercent": 0,
    "other": 0,
    "hasOther": false,
    "skipped": 0,
    "hasSkipped": false
  },
  "results": [
    {
      "uuid": "e75a4f6d-85bf-4dd9-9fa7-9a792bd0461c",
      "title": "",
      "fullFile": "C:\\Users\\Yuliia_Kostitsyna\\Documents\\AutomatedTestingMentoring_JSBasic\\test\\numbers-validator\\isNumberEven.spec.js",
      "file": "\\test\\numbers-validator\\isNumberEven.spec.js",
      "beforeHooks": [],
      "afterHooks": [],
      "tests": [],
      "suites": [
        {
          "uuid": "d7ab6e48-6a64-42dd-ba19-dbdf9debf501",
          "title": "isNumberEven",
          "fullFile": "C:\\Users\\Yuliia_Kostitsyna\\Documents\\AutomatedTestingMentoring_JSBasic\\test\\numbers-validator\\isNumberEven.spec.js",
          "file": "\\test\\numbers-validator\\isNumberEven.spec.js",
          "beforeHooks": [
            {
              "title": "\"before each\" hook in \"isNumberEven\"",
              "fullTitle": "isNumberEven \"before each\" hook in \"isNumberEven\"",
              "timedOut": false,
              "duration": 0,
              "state": null,
              "speed": null,
              "pass": false,
              "fail": false,
              "pending": false,
              "context": null,
              "code": "// Instantiates a new NumbersValidator object before each test and assigns it to 'validator'\nvalidator = new NumbersValidator();",
              "err": {},
              "uuid": "5b130728-5d96-45b6-9aa0-1d559e0bd2b1",
              "parentUUID": "d7ab6e48-6a64-42dd-ba19-dbdf9debf501",
              "isHook": true,
              "skipped": false
            }
          ],
          "afterHooks": [
            {
              "title": "\"after each\" hook in \"isNumberEven\"",
              "fullTitle": "isNumberEven \"after each\" hook in \"isNumberEven\"",
              "timedOut": false,
              "duration": 0,
              "state": null,
              "speed": null,
              "pass": false,
              "fail": false,
              "pending": false,
              "context": null,
              "code": "// Sets the validator variable to null to clean up memory after each test\nvalidator = null;",
              "err": {},
              "uuid": "9e72e738-9f55-43be-913b-6c9e9beef7a5",
              "parentUUID": "d7ab6e48-6a64-42dd-ba19-dbdf9debf501",
              "isHook": true,
              "skipped": false
            }
          ],
          "tests": [],
          "suites": [
            {
              "uuid": "163c878f-7fcc-4fbd-9f66-3da899205a79",
              "title": "positive tests",
              "fullFile": "C:\\Users\\Yuliia_Kostitsyna\\Documents\\AutomatedTestingMentoring_JSBasic\\test\\numbers-validator\\isNumberEven.spec.js",
              "file": "\\test\\numbers-validator\\isNumberEven.spec.js",
              "beforeHooks": [],
              "afterHooks": [],
              "tests": [
                {
                  "title": "should return true if number is even",
                  "fullTitle": "isNumberEven positive tests should return true if number is even",
                  "timedOut": false,
                  "duration": 0,
                  "state": "passed",
                  "speed": "fast",
                  "pass": true,
                  "fail": false,
                  "pending": false,
                  "context": null,
                  "code": "// Using 'expect' to assert that the 'isNumberEven' method returns true when\n// passed the even number 4. The '.to.be.equal(true)' is the actual assertion check.\nexpect(validator.isNumberEven(4)).to.be.equal(true);",
                  "err": {},
                  "uuid": "4084cd70-f077-4f34-b10c-77b6635d824b",
                  "parentUUID": "163c878f-7fcc-4fbd-9f66-3da899205a79",
                  "isHook": false,
                  "skipped": false
                }
              ],
              "suites": [],
              "passes": [
                "4084cd70-f077-4f34-b10c-77b6635d824b"
              ],
              "failures": [],
              "pending": [],
              "skipped": [],
              "duration": 0,
              "root": false,
              "rootEmpty": false,
              "_timeout": 2000
            },
            {
              "uuid": "0c469d74-f887-4dec-b2fe-6fb1fdc58bdd",
              "title": "nigative tests",
              "fullFile": "C:\\Users\\Yuliia_Kostitsyna\\Documents\\AutomatedTestingMentoring_JSBasic\\test\\numbers-validator\\isNumberEven.spec.js",
              "file": "\\test\\numbers-validator\\isNumberEven.spec.js",
              "beforeHooks": [],
              "afterHooks": [],
              "tests": [
                {
                  "title": "should return false if number is non-even",
                  "fullTitle": "isNumberEven nigative tests should return false if number is non-even",
                  "timedOut": false,
                  "duration": 0,
                  "state": "passed",
                  "speed": "fast",
                  "pass": true,
                  "fail": false,
                  "pending": false,
                  "context": null,
                  "code": "// Using 'expect' to assert that the 'isNumberEven' method returns true when\n// passed the even number 4. The '.to.be.equal(true)' is the actual assertion check.\nexpect(validator.isNumberEven(5)).to.be.equal(false);",
                  "err": {},
                  "uuid": "d56a1f33-e66f-49ae-a500-d84bbba00641",
                  "parentUUID": "0c469d74-f887-4dec-b2fe-6fb1fdc58bdd",
                  "isHook": false,
                  "skipped": false
                },
                {
                  "title": "should throw an error when provided not a Number value",
                  "fullTitle": "isNumberEven nigative tests should throw an error when provided not a Number value",
                  "timedOut": false,
                  "duration": 1,
                  "state": "passed",
                  "speed": "fast",
                  "pass": true,
                  "fail": false,
                  "pending": false,
                  "context": null,
                  "code": "const input = \"four\";\nconst typeOfVariable = typeof input;\nexpect(() => {\n  validator.isNumberEven(input);\n}).to.throw(`[${input}] is not of type \"Number\" it is of type \"${typeOfVariable}\"`)",
                  "err": {},
                  "uuid": "1fbfc95f-d837-4092-b1f4-ad2f2d631b4d",
                  "parentUUID": "0c469d74-f887-4dec-b2fe-6fb1fdc58bdd",
                  "isHook": false,
                  "skipped": false
                }
              ],
              "suites": [],
              "passes": [
                "d56a1f33-e66f-49ae-a500-d84bbba00641",
                "1fbfc95f-d837-4092-b1f4-ad2f2d631b4d"
              ],
              "failures": [],
              "pending": [],
              "skipped": [],
              "duration": 1,
              "root": false,
              "rootEmpty": false,
              "_timeout": 2000
            }
          ],
          "passes": [],
          "failures": [],
          "pending": [],
          "skipped": [],
          "duration": 0,
          "root": false,
          "rootEmpty": false,
          "_timeout": 2000
        }
      ],
      "passes": [],
      "failures": [],
      "pending": [],
      "skipped": [],
      "duration": 0,
      "root": true,
      "rootEmpty": true,
      "_timeout": 2000
    }
  ],
  "meta": {
    "mocha": {
      "version": "11.1.0"
    },
    "mochawesome": {
      "options": {
        "quiet": false,
        "reportFilename": "mochawesome",
        "saveHtml": true,
        "saveJson": true,
        "consoleReporter": "spec",
        "useInlineDiffs": false,
        "code": true
      },
      "version": "7.1.3"
    },
    "marge": {
      "options": null,
      "version": "6.2.0"
    }
  }
}