{
  "stats": {
    "suites": 3,
    "tests": 7,
    "passes": 7,
    "pending": 0,
    "failures": 0,
    "start": "2025-02-23T20:13:45.252Z",
    "end": "2025-02-23T20:13:45.264Z",
    "duration": 12,
    "testsRegistered": 7,
    "passPercent": 100,
    "pendingPercent": 0,
    "other": 0,
    "hasOther": false,
    "skipped": 0,
    "hasSkipped": false
  },
  "results": [
    {
      "uuid": "b8a1ca0c-5b86-47b7-ae35-17222a2627c1",
      "title": "",
      "fullFile": "C:\\Users\\Yuliia_Kostitsyna\\Documents\\AutomatedTestingMentoring_JSBasic\\test\\numbers-validator\\isNumberEven.spec.js",
      "file": "\\test\\numbers-validator\\isNumberEven.spec.js",
      "beforeHooks": [],
      "afterHooks": [],
      "tests": [],
      "suites": [
        {
          "uuid": "22b3548a-7da2-4e5a-b196-e9982e9f6e76",
          "title": "isNumberEven",
          "fullFile": "C:\\Users\\Yuliia_Kostitsyna\\Documents\\AutomatedTestingMentoring_JSBasic\\test\\numbers-validator\\isNumberEven.spec.js",
          "file": "\\test\\numbers-validator\\isNumberEven.spec.js",
          "beforeHooks": [
            {
              "title": "\"before each\" hook in \"isNumberEven\"",
              "fullTitle": "isNumberEven \"before each\" hook in \"isNumberEven\"",
              "timedOut": false,
              "duration": 0,
              "state": null,
              "speed": null,
              "pass": false,
              "fail": false,
              "pending": false,
              "context": null,
              "code": "// Instantiates a new NumbersValidator object before each test and assigns it to 'validator'\nvalidator = new NumbersValidator();",
              "err": {},
              "uuid": "6f7f4368-1699-4a26-afca-b6213e87abd1",
              "parentUUID": "22b3548a-7da2-4e5a-b196-e9982e9f6e76",
              "isHook": true,
              "skipped": false
            }
          ],
          "afterHooks": [
            {
              "title": "\"after each\" hook in \"isNumberEven\"",
              "fullTitle": "isNumberEven \"after each\" hook in \"isNumberEven\"",
              "timedOut": false,
              "duration": 0,
              "state": null,
              "speed": null,
              "pass": false,
              "fail": false,
              "pending": false,
              "context": null,
              "code": "// Sets the validator variable to null to clean up memory after each test\nvalidator = null;",
              "err": {},
              "uuid": "7c152763-5f75-490b-b66a-42c771e5c913",
              "parentUUID": "22b3548a-7da2-4e5a-b196-e9982e9f6e76",
              "isHook": true,
              "skipped": false
            }
          ],
          "tests": [],
          "suites": [
            {
              "uuid": "0aed9978-f2f8-4cc7-83a0-997a21b24575",
              "title": "positive tests",
              "fullFile": "C:\\Users\\Yuliia_Kostitsyna\\Documents\\AutomatedTestingMentoring_JSBasic\\test\\numbers-validator\\isNumberEven.spec.js",
              "file": "\\test\\numbers-validator\\isNumberEven.spec.js",
              "beforeHooks": [],
              "afterHooks": [],
              "tests": [
                {
                  "title": "should return true if number is even",
                  "fullTitle": "isNumberEven positive tests should return true if number is even",
                  "timedOut": false,
                  "duration": 0,
                  "state": "passed",
                  "speed": "fast",
                  "pass": true,
                  "fail": false,
                  "pending": false,
                  "context": null,
                  "code": "// Using 'expect' to assert that the 'isNumberEven' method returns true when\n// passed the even number 4. The '.to.be.equal(true)' is the actual assertion check.\nexpect(validator.isNumberEven(4)).to.be.equal(true);",
                  "err": {},
                  "uuid": "71e29a02-be1b-48d9-a21c-9551f7aaa93d",
                  "parentUUID": "0aed9978-f2f8-4cc7-83a0-997a21b24575",
                  "isHook": false,
                  "skipped": false
                },
                {
                  "title": "should return true if number is Integer",
                  "fullTitle": "isNumberEven positive tests should return true if number is Integer",
                  "timedOut": false,
                  "duration": 0,
                  "state": "passed",
                  "speed": "fast",
                  "pass": true,
                  "fail": false,
                  "pending": false,
                  "context": null,
                  "code": "expect(validator.isInteger(7)).to.be.equal(true);",
                  "err": {},
                  "uuid": "3740032d-e784-4228-b26f-a0372f01fbf3",
                  "parentUUID": "0aed9978-f2f8-4cc7-83a0-997a21b24575",
                  "isHook": false,
                  "skipped": false
                },
                {
                  "title": "should return array of even numbers if every item is of type number",
                  "fullTitle": "isNumberEven positive tests should return array of even numbers if every item is of type number",
                  "timedOut": false,
                  "duration": 0,
                  "state": "passed",
                  "speed": "fast",
                  "pass": true,
                  "fail": false,
                  "pending": false,
                  "context": null,
                  "code": "const NumbersArray = [1, 2, 3, 4, 5, 7];\nexpect(validator.getEvenNumbersFromArray(NumbersArray)).to.eql([2, 4]);",
                  "err": {},
                  "uuid": "bb3ec348-2c54-48c5-9db8-44369639944f",
                  "parentUUID": "0aed9978-f2f8-4cc7-83a0-997a21b24575",
                  "isHook": false,
                  "skipped": false
                }
              ],
              "suites": [],
              "passes": [
                "71e29a02-be1b-48d9-a21c-9551f7aaa93d",
                "3740032d-e784-4228-b26f-a0372f01fbf3",
                "bb3ec348-2c54-48c5-9db8-44369639944f"
              ],
              "failures": [],
              "pending": [],
              "skipped": [],
              "duration": 0,
              "root": false,
              "rootEmpty": false,
              "_timeout": 2000
            },
            {
              "uuid": "34a27caa-8789-4b3c-a7c0-759853173c56",
              "title": "nigative tests",
              "fullFile": "C:\\Users\\Yuliia_Kostitsyna\\Documents\\AutomatedTestingMentoring_JSBasic\\test\\numbers-validator\\isNumberEven.spec.js",
              "file": "\\test\\numbers-validator\\isNumberEven.spec.js",
              "beforeHooks": [],
              "afterHooks": [],
              "tests": [
                {
                  "title": "should return false if number is non-even",
                  "fullTitle": "isNumberEven nigative tests should return false if number is non-even",
                  "timedOut": false,
                  "duration": 0,
                  "state": "passed",
                  "speed": "fast",
                  "pass": true,
                  "fail": false,
                  "pending": false,
                  "context": null,
                  "code": "// Using 'expect' to assert that the 'isNumberEven' method returns true when\n// passed the even number 4. The '.to.be.equal(true)' is the actual assertion check.\nexpect(validator.isNumberEven(5)).to.be.equal(false);",
                  "err": {},
                  "uuid": "9fa00f3c-6fb2-4da6-b885-d17ed73976e9",
                  "parentUUID": "34a27caa-8789-4b3c-a7c0-759853173c56",
                  "isHook": false,
                  "skipped": false
                },
                {
                  "title": "should throw an error when provided not a Number value",
                  "fullTitle": "isNumberEven nigative tests should throw an error when provided not a Number value",
                  "timedOut": false,
                  "duration": 1,
                  "state": "passed",
                  "speed": "fast",
                  "pass": true,
                  "fail": false,
                  "pending": false,
                  "context": null,
                  "code": "const input = \"four\";\nconst typeOfVariable = typeof input;\nexpect(() => {\n  validator.isNumberEven(input);\n}).to.throw(`[${input}] is not of type \"Number\" it is of type \"${typeOfVariable}\"`)",
                  "err": {},
                  "uuid": "72442d63-a3be-4405-b7da-898181fb3563",
                  "parentUUID": "34a27caa-8789-4b3c-a7c0-759853173c56",
                  "isHook": false,
                  "skipped": false
                },
                {
                  "title": "should throw an error when provided Integer not a Number value",
                  "fullTitle": "isNumberEven nigative tests should throw an error when provided Integer not a Number value",
                  "timedOut": false,
                  "duration": 0,
                  "state": "passed",
                  "speed": "fast",
                  "pass": true,
                  "fail": false,
                  "pending": false,
                  "context": null,
                  "code": "const n = \"n\";\nexpect(() => {\n  validator.isInteger(n);\n}).to.throw(`[${n}] is not a number`)",
                  "err": {},
                  "uuid": "8a8ac76e-e3a4-4525-a3af-b8ccc582f342",
                  "parentUUID": "34a27caa-8789-4b3c-a7c0-759853173c56",
                  "isHook": false,
                  "skipped": false
                },
                {
                  "title": "should throw an error when provided Array has not a Number value",
                  "fullTitle": "isNumberEven nigative tests should throw an error when provided Array has not a Number value",
                  "timedOut": false,
                  "duration": 1,
                  "state": "passed",
                  "speed": "fast",
                  "pass": true,
                  "fail": false,
                  "pending": false,
                  "context": null,
                  "code": "const notArray = 'not an array';\nexpect(() => {\n  validator.isAllNumbers(notArray);\n}).to.throw(`[${notArray}] is not an array`)",
                  "err": {},
                  "uuid": "4594ec52-1006-4480-96dc-7b5282c11ab9",
                  "parentUUID": "34a27caa-8789-4b3c-a7c0-759853173c56",
                  "isHook": false,
                  "skipped": false
                }
              ],
              "suites": [],
              "passes": [
                "9fa00f3c-6fb2-4da6-b885-d17ed73976e9",
                "72442d63-a3be-4405-b7da-898181fb3563",
                "8a8ac76e-e3a4-4525-a3af-b8ccc582f342",
                "4594ec52-1006-4480-96dc-7b5282c11ab9"
              ],
              "failures": [],
              "pending": [],
              "skipped": [],
              "duration": 2,
              "root": false,
              "rootEmpty": false,
              "_timeout": 2000
            }
          ],
          "passes": [],
          "failures": [],
          "pending": [],
          "skipped": [],
          "duration": 0,
          "root": false,
          "rootEmpty": false,
          "_timeout": 2000
        }
      ],
      "passes": [],
      "failures": [],
      "pending": [],
      "skipped": [],
      "duration": 0,
      "root": true,
      "rootEmpty": true,
      "_timeout": 2000
    }
  ],
  "meta": {
    "mocha": {
      "version": "11.1.0"
    },
    "mochawesome": {
      "options": {
        "quiet": false,
        "reportFilename": "mochawesome",
        "saveHtml": true,
        "saveJson": true,
        "consoleReporter": "spec",
        "useInlineDiffs": false,
        "code": true
      },
      "version": "7.1.3"
    },
    "marge": {
      "options": null,
      "version": "6.2.0"
    }
  }
}